{"/home/shin/www/react-vertical-timeline/src/VerticalTimeline.js": {"path":"/home/shin/www/react-vertical-timeline/src/VerticalTimeline.js","statementMap":{"0":{"start":{"line":5,"column":25},"end":{"line":15,"column":1}},"1":{"start":{"line":6,"column":2},"end":{"line":14,"column":8}},"2":{"start":{"line":17,"column":0},"end":{"line":25,"column":2}},"3":{"start":{"line":27,"column":0},"end":{"line":31,"column":2}}},"fnMap":{"0":{"name":"(anonymous_0)","decl":{"start":{"line":5,"column":25},"end":{"line":5,"column":26}},"loc":{"start":{"line":6,"column":2},"end":{"line":14,"column":8}},"line":6}},"branchMap":{},"s":{"0":1,"1":6,"2":1,"3":1},"f":{"0":6},"b":{},"_coverageSchema":"1a1c01bbd47fc00a2c39e90264f33305004495a9","hash":"bcf50b0249fa8ecde71f8c0f9862989418895a60"}
,"/home/shin/www/react-vertical-timeline/src/VerticalTimelineElement.js": {"path":"/home/shin/www/react-vertical-timeline/src/VerticalTimelineElement.js","statementMap":{"0":{"start":{"line":6,"column":32},"end":{"line":85,"column":1}},"1":{"start":{"line":24,"column":32},"end":{"line":24,"column":47}},"2":{"start":{"line":25,"column":24},"end":{"line":25,"column":60}},"3":{"start":{"line":26,"column":2},"end":{"line":28,"column":3}},"4":{"start":{"line":27,"column":4},"end":{"line":27,"column":21}},"5":{"start":{"line":30,"column":2},"end":{"line":84,"column":4}},"6":{"start":{"line":87,"column":0},"end":{"line":112,"column":2}},"7":{"start":{"line":114,"column":0},"end":{"line":131,"column":2}}},"fnMap":{"0":{"name":"(anonymous_0)","decl":{"start":{"line":6,"column":32},"end":{"line":6,"column":33}},"loc":{"start":{"line":23,"column":6},"end":{"line":85,"column":1}},"line":23}},"branchMap":{"0":{"loc":{"start":{"line":26,"column":2},"end":{"line":28,"column":3}},"type":"if","locations":[{"start":{"line":26,"column":2},"end":{"line":28,"column":3}},{"start":{"line":26,"column":2},"end":{"line":28,"column":3}}],"line":26},"1":{"loc":{"start":{"line":26,"column":6},"end":{"line":26,"column":24}},"type":"binary-expr","locations":[{"start":{"line":26,"column":6},"end":{"line":26,"column":14}},{"start":{"line":26,"column":18},"end":{"line":26,"column":24}}],"line":26}},"s":{"0":1,"1":5,"2":5,"3":5,"4":0,"5":5,"6":1,"7":1},"f":{"0":5},"b":{"0":[0,5],"1":[5,5]},"_coverageSchema":"1a1c01bbd47fc00a2c39e90264f33305004495a9","hash":"1764c898f9d9a289f75e63ad844bae780ebcf56e"}
}
